<?xml version="1.0" encoding="UTF-8"?>
<!-- Generated by org.testng.reporters.JUnitReportReporter -->
<testsuite skipped="0" hostname="IN-R90FTBDP" name="tests.FactoryObject" tests="4" failures="0" timestamp="2020-07-14T22:09:52 IST" time="4.011" errors="0">
  <testcase name="testTwo" time="1.001" classname="tests.FactoryObject"/>
  <system-out/>
  <testcase name="testOne" time="1.007" classname="tests.FactoryObject"/>
  <system-out/>
  <testcase name="testOne" time="1.002" classname="tests.FactoryObject"/>
  <system-out/>
  <testcase name="testTwo" time="1.001" classname="tests.FactoryObject"/>
  <system-out/>
</testsuite> <!-- tests.FactoryObject -->
